<?xml version="1.0" encoding="UTF-8"?>
<!-- Generated by org.testng.reporters.JUnitReportReporter -->
<testsuite hostname="DESKTOP-L9JMAV8" failures="0" tests="1" name="magento.magentoClass" time="0.448" errors="0" timestamp="2023-10-23T11:50:50 EET" skipped="0">
  <testcase classname="magento.magentoClass" name="myTest" time="0.448"/>
  <system-out/>
</testsuite> <!-- magento.magentoClass -->
